{"D:\\Users\\Josh\\Documents\\futureproof\\LAP 2\\habitual\\server\\src\\app.js": {"path":"D:\\Users\\Josh\\Documents\\futureproof\\LAP 2\\habitual\\server\\src\\app.js","statementMap":{"0":{"start":{"line":1,"column":16},"end":{"line":1,"column":34}},"1":{"start":{"line":2,"column":13},"end":{"line":2,"column":28}},"2":{"start":{"line":3,"column":15},"end":{"line":3,"column":24}},"3":{"start":{"line":5,"column":19},"end":{"line":5,"column":45}},"4":{"start":{"line":6,"column":21},"end":{"line":6,"column":48}},"5":{"start":{"line":7,"column":25},"end":{"line":7,"column":55}},"6":{"start":{"line":9,"column":0},"end":{"line":9,"column":19}},"7":{"start":{"line":10,"column":0},"end":{"line":10,"column":26}},"8":{"start":{"line":12,"column":0},"end":{"line":12,"column":33}},"9":{"start":{"line":13,"column":0},"end":{"line":13,"column":36}},"10":{"start":{"line":14,"column":0},"end":{"line":14,"column":44}},"11":{"start":{"line":16,"column":0},"end":{"line":16,"column":68}},"12":{"start":{"line":16,"column":30},"end":{"line":16,"column":67}},"13":{"start":{"line":18,"column":0},"end":{"line":18,"column":24}}},"fnMap":{"0":{"name":"(anonymous_0)","decl":{"start":{"line":16,"column":16},"end":{"line":16,"column":17}},"loc":{"start":{"line":16,"column":30},"end":{"line":16,"column":67}},"line":16}},"branchMap":{},"s":{"0":1,"1":1,"2":1,"3":1,"4":1,"5":1,"6":1,"7":1,"8":1,"9":1,"10":1,"11":1,"12":0,"13":1},"f":{"0":0},"b":{},"_coverageSchema":"1a1c01bbd47fc00a2c39e90264f33305004495a9","hash":"11e74859008cb61b61bc3a5fe8a541cabea9831e"}
,"D:\\Users\\Josh\\Documents\\futureproof\\LAP 2\\habitual\\server\\src\\controllers\\habitdate.js": {"path":"D:\\Users\\Josh\\Documents\\futureproof\\LAP 2\\habitual\\server\\src\\controllers\\habitdate.js","statementMap":{"0":{"start":{"line":1,"column":18},"end":{"line":1,"column":48}},"1":{"start":{"line":4,"column":4},"end":{"line":9,"column":5}},"2":{"start":{"line":5,"column":27},"end":{"line":5,"column":46}},"3":{"start":{"line":6,"column":8},"end":{"line":6,"column":41}},"4":{"start":{"line":8,"column":8},"end":{"line":8,"column":34}},"5":{"start":{"line":13,"column":4},"end":{"line":19,"column":5}},"6":{"start":{"line":14,"column":26},"end":{"line":14,"column":65}},"7":{"start":{"line":15,"column":23},"end":{"line":15,"column":45}},"8":{"start":{"line":16,"column":8},"end":{"line":16,"column":55}},"9":{"start":{"line":18,"column":8},"end":{"line":18,"column":34}},"10":{"start":{"line":23,"column":4},"end":{"line":29,"column":5}},"11":{"start":{"line":24,"column":26},"end":{"line":24,"column":70}},"12":{"start":{"line":26,"column":8},"end":{"line":26,"column":42}},"13":{"start":{"line":28,"column":8},"end":{"line":28,"column":34}},"14":{"start":{"line":33,"column":4},"end":{"line":38,"column":5}},"15":{"start":{"line":34,"column":26},"end":{"line":34,"column":73}},"16":{"start":{"line":35,"column":8},"end":{"line":35,"column":39}},"17":{"start":{"line":37,"column":8},"end":{"line":37,"column":33}},"18":{"start":{"line":42,"column":0},"end":{"line":42,"column":56}}},"fnMap":{"0":{"name":"index","decl":{"start":{"line":3,"column":15},"end":{"line":3,"column":20}},"loc":{"start":{"line":3,"column":31},"end":{"line":10,"column":1}},"line":3},"1":{"name":"show","decl":{"start":{"line":12,"column":15},"end":{"line":12,"column":19}},"loc":{"start":{"line":12,"column":30},"end":{"line":20,"column":1}},"line":12},"2":{"name":"showHabitDates","decl":{"start":{"line":22,"column":15},"end":{"line":22,"column":29}},"loc":{"start":{"line":22,"column":40},"end":{"line":30,"column":1}},"line":22},"3":{"name":"update","decl":{"start":{"line":32,"column":15},"end":{"line":32,"column":21}},"loc":{"start":{"line":32,"column":32},"end":{"line":39,"column":1}},"line":32}},"branchMap":{},"s":{"0":1,"1":1,"2":1,"3":1,"4":0,"5":1,"6":1,"7":1,"8":1,"9":0,"10":1,"11":1,"12":1,"13":0,"14":1,"15":1,"16":1,"17":0,"18":1},"f":{"0":1,"1":1,"2":1,"3":1},"b":{},"_coverageSchema":"1a1c01bbd47fc00a2c39e90264f33305004495a9","hash":"ac277b0b25523bae456f08eeb05c9ce53992c2fb"}
,"D:\\Users\\Josh\\Documents\\futureproof\\LAP 2\\habitual\\server\\src\\controllers\\habits.js": {"path":"D:\\Users\\Josh\\Documents\\futureproof\\LAP 2\\habitual\\server\\src\\controllers\\habits.js","statementMap":{"0":{"start":{"line":1,"column":14},"end":{"line":1,"column":40}},"1":{"start":{"line":2,"column":13},"end":{"line":2,"column":38}},"2":{"start":{"line":3,"column":16},"end":{"line":3,"column":44}},"3":{"start":{"line":6,"column":1},"end":{"line":13,"column":2}},"4":{"start":{"line":7,"column":20},"end":{"line":7,"column":48}},"5":{"start":{"line":8,"column":15},"end":{"line":8,"column":58}},"6":{"start":{"line":9,"column":17},"end":{"line":9,"column":46}},"7":{"start":{"line":10,"column":2},"end":{"line":10,"column":30}},"8":{"start":{"line":12,"column":2},"end":{"line":12,"column":27}},"9":{"start":{"line":17,"column":1},"end":{"line":22,"column":2}},"10":{"start":{"line":18,"column":16},"end":{"line":18,"column":51}},"11":{"start":{"line":19,"column":2},"end":{"line":19,"column":29}},"12":{"start":{"line":21,"column":2},"end":{"line":21,"column":27}},"13":{"start":{"line":26,"column":1},"end":{"line":34,"column":2}},"14":{"start":{"line":27,"column":20},"end":{"line":27,"column":48}},"15":{"start":{"line":28,"column":15},"end":{"line":28,"column":58}},"16":{"start":{"line":29,"column":2},"end":{"line":29,"column":49}},"17":{"start":{"line":30,"column":19},"end":{"line":30,"column":77}},"18":{"start":{"line":31,"column":2},"end":{"line":31,"column":32}},"19":{"start":{"line":33,"column":2},"end":{"line":33,"column":27}},"20":{"start":{"line":38,"column":1},"end":{"line":45,"column":2}},"21":{"start":{"line":39,"column":16},"end":{"line":39,"column":51}},"22":{"start":{"line":40,"column":15},"end":{"line":40,"column":36}},"23":{"start":{"line":41,"column":2},"end":{"line":41,"column":23}},"24":{"start":{"line":43,"column":2},"end":{"line":43,"column":28}},"25":{"start":{"line":44,"column":2},"end":{"line":44,"column":18}},"26":{"start":{"line":49,"column":1},"end":{"line":54,"column":2}},"27":{"start":{"line":50,"column":16},"end":{"line":50,"column":59}},"28":{"start":{"line":51,"column":2},"end":{"line":51,"column":29}},"29":{"start":{"line":53,"column":2},"end":{"line":53,"column":27}},"30":{"start":{"line":58,"column":0},"end":{"line":58,"column":56}}},"fnMap":{"0":{"name":"index","decl":{"start":{"line":5,"column":15},"end":{"line":5,"column":20}},"loc":{"start":{"line":5,"column":31},"end":{"line":14,"column":1}},"line":5},"1":{"name":"show","decl":{"start":{"line":16,"column":15},"end":{"line":16,"column":19}},"loc":{"start":{"line":16,"column":30},"end":{"line":23,"column":1}},"line":16},"2":{"name":"create","decl":{"start":{"line":25,"column":15},"end":{"line":25,"column":21}},"loc":{"start":{"line":25,"column":32},"end":{"line":35,"column":1}},"line":25},"3":{"name":"destroy","decl":{"start":{"line":37,"column":15},"end":{"line":37,"column":22}},"loc":{"start":{"line":37,"column":33},"end":{"line":46,"column":1}},"line":37},"4":{"name":"update","decl":{"start":{"line":48,"column":15},"end":{"line":48,"column":21}},"loc":{"start":{"line":48,"column":32},"end":{"line":55,"column":1}},"line":48}},"branchMap":{},"s":{"0":1,"1":1,"2":1,"3":1,"4":1,"5":1,"6":1,"7":1,"8":0,"9":2,"10":2,"11":1,"12":1,"13":1,"14":1,"15":1,"16":1,"17":1,"18":1,"19":0,"20":1,"21":1,"22":1,"23":1,"24":0,"25":0,"26":1,"27":1,"28":1,"29":0,"30":1},"f":{"0":1,"1":2,"2":1,"3":1,"4":1},"b":{},"_coverageSchema":"1a1c01bbd47fc00a2c39e90264f33305004495a9","hash":"a4fe3ba13562504aab9691769ecd4ac76e919e24"}
,"D:\\Users\\Josh\\Documents\\futureproof\\LAP 2\\habitual\\server\\src\\controllers\\users.js": {"path":"D:\\Users\\Josh\\Documents\\futureproof\\LAP 2\\habitual\\server\\src\\controllers\\users.js","statementMap":{"0":{"start":{"line":1,"column":15},"end":{"line":1,"column":32}},"1":{"start":{"line":2,"column":13},"end":{"line":2,"column":38}},"2":{"start":{"line":3,"column":16},"end":{"line":3,"column":44}},"3":{"start":{"line":6,"column":1},"end":{"line":14,"column":2}},"4":{"start":{"line":7,"column":16},"end":{"line":7,"column":39}},"5":{"start":{"line":8,"column":15},"end":{"line":8,"column":54}},"6":{"start":{"line":9,"column":15},"end":{"line":9,"column":48}},"7":{"start":{"line":10,"column":2},"end":{"line":10,"column":28}},"8":{"start":{"line":12,"column":2},"end":{"line":12,"column":19}},"9":{"start":{"line":13,"column":2},"end":{"line":13,"column":36}},"10":{"start":{"line":18,"column":1},"end":{"line":35,"column":2}},"11":{"start":{"line":19,"column":15},"end":{"line":19,"column":23}},"12":{"start":{"line":22,"column":15},"end":{"line":22,"column":77}},"13":{"start":{"line":25,"column":2},"end":{"line":25,"column":62}},"14":{"start":{"line":28,"column":17},"end":{"line":28,"column":40}},"15":{"start":{"line":31,"column":2},"end":{"line":31,"column":30}},"16":{"start":{"line":33,"column":2},"end":{"line":33,"column":18}},"17":{"start":{"line":34,"column":2},"end":{"line":34,"column":38}},"18":{"start":{"line":39,"column":1},"end":{"line":63,"column":2}},"19":{"start":{"line":40,"column":33},"end":{"line":40,"column":41}},"20":{"start":{"line":43,"column":15},"end":{"line":43,"column":50}},"21":{"start":{"line":46,"column":24},"end":{"line":46,"column":69}},"22":{"start":{"line":48,"column":2},"end":{"line":59,"column":3}},"23":{"start":{"line":52,"column":22},"end":{"line":52,"column":51}},"24":{"start":{"line":53,"column":3},"end":{"line":53,"column":26}},"25":{"start":{"line":54,"column":3},"end":{"line":56,"column":69}},"26":{"start":{"line":58,"column":3},"end":{"line":58,"column":43}},"27":{"start":{"line":61,"column":2},"end":{"line":61,"column":18}},"28":{"start":{"line":62,"column":2},"end":{"line":62,"column":38}},"29":{"start":{"line":67,"column":1},"end":{"line":73,"column":2}},"30":{"start":{"line":68,"column":18},"end":{"line":68,"column":60}},"31":{"start":{"line":69,"column":15},"end":{"line":69,"column":32}},"32":{"start":{"line":70,"column":2},"end":{"line":70,"column":24}},"33":{"start":{"line":72,"column":2},"end":{"line":72,"column":30}},"34":{"start":{"line":77,"column":0},"end":{"line":77,"column":49}}},"fnMap":{"0":{"name":"show","decl":{"start":{"line":5,"column":15},"end":{"line":5,"column":19}},"loc":{"start":{"line":5,"column":29},"end":{"line":15,"column":1}},"line":5},"1":{"name":"register","decl":{"start":{"line":17,"column":15},"end":{"line":17,"column":23}},"loc":{"start":{"line":17,"column":34},"end":{"line":36,"column":1}},"line":17},"2":{"name":"login","decl":{"start":{"line":38,"column":15},"end":{"line":38,"column":20}},"loc":{"start":{"line":38,"column":31},"end":{"line":64,"column":1}},"line":38},"3":{"name":"logout","decl":{"start":{"line":66,"column":15},"end":{"line":66,"column":21}},"loc":{"start":{"line":66,"column":32},"end":{"line":75,"column":1}},"line":66}},"branchMap":{"0":{"loc":{"start":{"line":48,"column":2},"end":{"line":59,"column":3}},"type":"if","locations":[{"start":{"line":48,"column":2},"end":{"line":59,"column":3}},{"start":{"line":57,"column":9},"end":{"line":59,"column":3}}],"line":48}},"s":{"0":1,"1":1,"2":1,"3":1,"4":1,"5":1,"6":1,"7":1,"8":0,"9":0,"10":1,"11":1,"12":1,"13":1,"14":1,"15":1,"16":0,"17":0,"18":1,"19":1,"20":1,"21":1,"22":1,"23":1,"24":1,"25":1,"26":0,"27":0,"28":0,"29":0,"30":0,"31":0,"32":0,"33":0,"34":1},"f":{"0":1,"1":1,"2":1,"3":0},"b":{"0":[1,0]},"_coverageSchema":"1a1c01bbd47fc00a2c39e90264f33305004495a9","hash":"caf26b0899ad135af502e3acd47880865b262b83"}
,"D:\\Users\\Josh\\Documents\\futureproof\\LAP 2\\habitual\\server\\src\\db\\init.js": {"path":"D:\\Users\\Josh\\Documents\\futureproof\\LAP 2\\habitual\\server\\src\\db\\init.js","statementMap":{"0":{"start":{"line":1,"column":17},"end":{"line":1,"column":30}},"1":{"start":{"line":2,"column":13},"end":{"line":4,"column":2}},"2":{"start":{"line":6,"column":0},"end":{"line":6,"column":40}},"3":{"start":{"line":8,"column":0},"end":{"line":8,"column":22}}},"fnMap":{},"branchMap":{"0":{"loc":{"start":{"line":3,"column":22},"end":{"line":3,"column":132}},"type":"binary-expr","locations":[{"start":{"line":3,"column":22},"end":{"line":3,"column":40}},{"start":{"line":3,"column":44},"end":{"line":3,"column":132}}],"line":3}},"s":{"0":1,"1":1,"2":1,"3":1},"f":{},"b":{"0":[1,1]},"_coverageSchema":"1a1c01bbd47fc00a2c39e90264f33305004495a9","hash":"7241a4f028192ddd54ddc2a023f72e5cf694bc87"}
,"D:\\Users\\Josh\\Documents\\futureproof\\LAP 2\\habitual\\server\\src\\middleware\\auth.js": {"path":"D:\\Users\\Josh\\Documents\\futureproof\\LAP 2\\habitual\\server\\src\\middleware\\auth.js","statementMap":{"0":{"start":{"line":1,"column":16},"end":{"line":1,"column":44}},"1":{"start":{"line":4,"column":1},"end":{"line":20,"column":2}},"2":{"start":{"line":6,"column":20},"end":{"line":6,"column":48}},"3":{"start":{"line":7,"column":2},"end":{"line":7,"column":45}},"4":{"start":{"line":8,"column":2},"end":{"line":15,"column":3}},"5":{"start":{"line":9,"column":3},"end":{"line":9,"column":25}},"6":{"start":{"line":10,"column":3},"end":{"line":10,"column":35}},"7":{"start":{"line":13,"column":22},"end":{"line":13,"column":65}},"8":{"start":{"line":14,"column":3},"end":{"line":14,"column":9}},"9":{"start":{"line":17,"column":2},"end":{"line":17,"column":18}},"10":{"start":{"line":19,"column":2},"end":{"line":19,"column":56}},"11":{"start":{"line":23,"column":0},"end":{"line":23,"column":30}}},"fnMap":{"0":{"name":"authenticator","decl":{"start":{"line":3,"column":15},"end":{"line":3,"column":28}},"loc":{"start":{"line":3,"column":45},"end":{"line":21,"column":1}},"line":3}},"branchMap":{"0":{"loc":{"start":{"line":8,"column":2},"end":{"line":15,"column":3}},"type":"if","locations":[{"start":{"line":8,"column":2},"end":{"line":15,"column":3}},{"start":{"line":11,"column":9},"end":{"line":15,"column":3}}],"line":8}},"s":{"0":1,"1":6,"2":6,"3":6,"4":6,"5":0,"6":0,"7":6,"8":6,"9":0,"10":0,"11":1},"f":{"0":6},"b":{"0":[0,6]},"_coverageSchema":"1a1c01bbd47fc00a2c39e90264f33305004495a9","hash":"bdcde9750f8d57d81ae9d41c15fb3c76363e4956"}
,"D:\\Users\\Josh\\Documents\\futureproof\\LAP 2\\habitual\\server\\src\\models\\Habit.js": {"path":"D:\\Users\\Josh\\Documents\\futureproof\\LAP 2\\habitual\\server\\src\\models\\Habit.js","statementMap":{"0":{"start":{"line":1,"column":11},"end":{"line":1,"column":32}},"1":{"start":{"line":2,"column":14},"end":{"line":2,"column":30}},"2":{"start":{"line":3,"column":18},"end":{"line":3,"column":40}},"3":{"start":{"line":7,"column":2},"end":{"line":7,"column":31}},"4":{"start":{"line":8,"column":2},"end":{"line":8,"column":23}},"5":{"start":{"line":9,"column":2},"end":{"line":9,"column":35}},"6":{"start":{"line":10,"column":2},"end":{"line":10,"column":47}},"7":{"start":{"line":11,"column":2},"end":{"line":11,"column":51}},"8":{"start":{"line":12,"column":2},"end":{"line":12,"column":31}},"9":{"start":{"line":13,"column":2},"end":{"line":13,"column":23}},"10":{"start":{"line":14,"column":2},"end":{"line":14,"column":27}},"11":{"start":{"line":18,"column":2},"end":{"line":30,"column":4}},"12":{"start":{"line":19,"column":3},"end":{"line":19,"column":22}},"13":{"start":{"line":20,"column":3},"end":{"line":29,"column":4}},"14":{"start":{"line":21,"column":19},"end":{"line":24,"column":5}},"15":{"start":{"line":25,"column":17},"end":{"line":25,"column":30}},"16":{"start":{"line":26,"column":4},"end":{"line":26,"column":19}},"17":{"start":{"line":28,"column":4},"end":{"line":28,"column":29}},"18":{"start":{"line":34,"column":2},"end":{"line":47,"column":4}},"19":{"start":{"line":35,"column":3},"end":{"line":46,"column":4}},"20":{"start":{"line":36,"column":20},"end":{"line":39,"column":5}},"21":{"start":{"line":41,"column":16},"end":{"line":41,"column":44}},"22":{"start":{"line":42,"column":4},"end":{"line":42,"column":18}},"23":{"start":{"line":44,"column":4},"end":{"line":44,"column":29}},"24":{"start":{"line":45,"column":4},"end":{"line":45,"column":20}},"25":{"start":{"line":51,"column":2},"end":{"line":85,"column":4}},"26":{"start":{"line":52,"column":3},"end":{"line":84,"column":4}},"27":{"start":{"line":63,"column":8},"end":{"line":63,"column":17}},"28":{"start":{"line":64,"column":19},"end":{"line":76,"column":5}},"29":{"start":{"line":78,"column":19},"end":{"line":78,"column":44}},"30":{"start":{"line":79,"column":4},"end":{"line":79,"column":26}},"31":{"start":{"line":80,"column":4},"end":{"line":80,"column":21}},"32":{"start":{"line":82,"column":4},"end":{"line":82,"column":36}},"33":{"start":{"line":83,"column":4},"end":{"line":83,"column":20}},"34":{"start":{"line":89,"column":2},"end":{"line":107,"column":4}},"35":{"start":{"line":90,"column":3},"end":{"line":106,"column":4}},"36":{"start":{"line":92,"column":19},"end":{"line":95,"column":5}},"37":{"start":{"line":97,"column":20},"end":{"line":100,"column":5}},"38":{"start":{"line":102,"column":4},"end":{"line":102,"column":34}},"39":{"start":{"line":104,"column":4},"end":{"line":104,"column":37}},"40":{"start":{"line":111,"column":2},"end":{"line":123,"column":4}},"41":{"start":{"line":112,"column":3},"end":{"line":122,"column":4}},"42":{"start":{"line":113,"column":35},"end":{"line":113,"column":44}},"43":{"start":{"line":114,"column":19},"end":{"line":117,"column":5}},"44":{"start":{"line":118,"column":4},"end":{"line":118,"column":27}},"45":{"start":{"line":120,"column":4},"end":{"line":120,"column":36}},"46":{"start":{"line":121,"column":4},"end":{"line":121,"column":20}},"47":{"start":{"line":127,"column":2},"end":{"line":150,"column":4}},"48":{"start":{"line":128,"column":3},"end":{"line":149,"column":4}},"49":{"start":{"line":129,"column":15},"end":{"line":129,"column":37}},"50":{"start":{"line":130,"column":4},"end":{"line":130,"column":47}},"51":{"start":{"line":131,"column":4},"end":{"line":144,"column":5}},"52":{"start":{"line":132,"column":5},"end":{"line":135,"column":6}},"53":{"start":{"line":133,"column":6},"end":{"line":133,"column":58}},"54":{"start":{"line":134,"column":19},"end":{"line":134,"column":62}},"55":{"start":{"line":136,"column":11},"end":{"line":144,"column":5}},"56":{"start":{"line":140,"column":5},"end":{"line":143,"column":6}},"57":{"start":{"line":141,"column":6},"end":{"line":141,"column":62}},"58":{"start":{"line":142,"column":20},"end":{"line":142,"column":63}},"59":{"start":{"line":145,"column":4},"end":{"line":145,"column":26}},"60":{"start":{"line":147,"column":4},"end":{"line":147,"column":33}},"61":{"start":{"line":148,"column":4},"end":{"line":148,"column":20}},"62":{"start":{"line":154,"column":0},"end":{"line":154,"column":22}}},"fnMap":{"0":{"name":"(anonymous_0)","decl":{"start":{"line":6,"column":1},"end":{"line":6,"column":2}},"loc":{"start":{"line":6,"column":19},"end":{"line":15,"column":2}},"line":6},"1":{"name":"(anonymous_1)","decl":{"start":{"line":17,"column":1},"end":{"line":17,"column":2}},"loc":{"start":{"line":17,"column":26},"end":{"line":31,"column":2}},"line":17},"2":{"name":"(anonymous_2)","decl":{"start":{"line":18,"column":21},"end":{"line":18,"column":22}},"loc":{"start":{"line":18,"column":48},"end":{"line":30,"column":3}},"line":18},"3":{"name":"(anonymous_3)","decl":{"start":{"line":33,"column":1},"end":{"line":33,"column":2}},"loc":{"start":{"line":33,"column":27},"end":{"line":48,"column":2}},"line":33},"4":{"name":"(anonymous_4)","decl":{"start":{"line":34,"column":21},"end":{"line":34,"column":22}},"loc":{"start":{"line":34,"column":48},"end":{"line":47,"column":3}},"line":34},"5":{"name":"(anonymous_5)","decl":{"start":{"line":50,"column":1},"end":{"line":50,"column":2}},"loc":{"start":{"line":50,"column":32},"end":{"line":86,"column":2}},"line":50},"6":{"name":"(anonymous_6)","decl":{"start":{"line":51,"column":21},"end":{"line":51,"column":22}},"loc":{"start":{"line":51,"column":48},"end":{"line":85,"column":3}},"line":51},"7":{"name":"(anonymous_7)","decl":{"start":{"line":88,"column":1},"end":{"line":88,"column":2}},"loc":{"start":{"line":88,"column":11},"end":{"line":108,"column":2}},"line":88},"8":{"name":"(anonymous_8)","decl":{"start":{"line":89,"column":21},"end":{"line":89,"column":22}},"loc":{"start":{"line":89,"column":48},"end":{"line":107,"column":3}},"line":89},"9":{"name":"(anonymous_9)","decl":{"start":{"line":110,"column":1},"end":{"line":110,"column":2}},"loc":{"start":{"line":110,"column":36},"end":{"line":124,"column":2}},"line":110},"10":{"name":"(anonymous_10)","decl":{"start":{"line":111,"column":21},"end":{"line":111,"column":22}},"loc":{"start":{"line":111,"column":48},"end":{"line":123,"column":3}},"line":111},"11":{"name":"(anonymous_11)","decl":{"start":{"line":126,"column":1},"end":{"line":126,"column":2}},"loc":{"start":{"line":126,"column":21},"end":{"line":151,"column":2}},"line":126},"12":{"name":"(anonymous_12)","decl":{"start":{"line":127,"column":21},"end":{"line":127,"column":22}},"loc":{"start":{"line":127,"column":48},"end":{"line":150,"column":3}},"line":127}},"branchMap":{"0":{"loc":{"start":{"line":131,"column":4},"end":{"line":144,"column":5}},"type":"if","locations":[{"start":{"line":131,"column":4},"end":{"line":144,"column":5}},{"start":{"line":136,"column":11},"end":{"line":144,"column":5}}],"line":131},"1":{"loc":{"start":{"line":131,"column":8},"end":{"line":131,"column":71}},"type":"binary-expr","locations":[{"start":{"line":131,"column":8},"end":{"line":131,"column":36}},{"start":{"line":131,"column":40},"end":{"line":131,"column":71}}],"line":131},"2":{"loc":{"start":{"line":136,"column":11},"end":{"line":144,"column":5}},"type":"if","locations":[{"start":{"line":136,"column":11},"end":{"line":144,"column":5}},{"start":{},"end":{}}],"line":136},"3":{"loc":{"start":{"line":137,"column":5},"end":{"line":138,"column":34}},"type":"binary-expr","locations":[{"start":{"line":137,"column":5},"end":{"line":137,"column":31}},{"start":{"line":138,"column":5},"end":{"line":138,"column":34}}],"line":137}},"s":{"0":1,"1":1,"2":1,"3":4,"4":3,"5":3,"6":3,"7":3,"8":3,"9":3,"10":3,"11":1,"12":1,"13":1,"14":1,"15":1,"16":1,"17":0,"18":3,"19":3,"20":3,"21":3,"22":2,"23":1,"24":1,"25":1,"26":1,"27":1,"28":1,"29":1,"30":1,"31":1,"32":0,"33":0,"34":1,"35":1,"36":1,"37":1,"38":1,"39":0,"40":1,"41":1,"42":1,"43":1,"44":1,"45":0,"46":0,"47":1,"48":1,"49":1,"50":1,"51":1,"52":1,"53":2,"54":2,"55":0,"56":0,"57":0,"58":0,"59":1,"60":0,"61":0,"62":1},"f":{"0":4,"1":1,"2":1,"3":3,"4":3,"5":1,"6":1,"7":1,"8":1,"9":1,"10":1,"11":1,"12":1},"b":{"0":[1,0],"1":[1,0],"2":[0,0],"3":[0,0]},"_coverageSchema":"1a1c01bbd47fc00a2c39e90264f33305004495a9","hash":"42bff88a060aac0b2b262fe5b66e6682ccfb5331"}
,"D:\\Users\\Josh\\Documents\\futureproof\\LAP 2\\habitual\\server\\src\\models\\HabitDate.js": {"path":"D:\\Users\\Josh\\Documents\\futureproof\\LAP 2\\habitual\\server\\src\\models\\HabitDate.js","statementMap":{"0":{"start":{"line":1,"column":11},"end":{"line":1,"column":32}},"1":{"start":{"line":3,"column":14},"end":{"line":3,"column":32}},"2":{"start":{"line":5,"column":0},"end":{"line":89,"column":1}},"3":{"start":{"line":7,"column":2},"end":{"line":7,"column":39}},"4":{"start":{"line":8,"column":2},"end":{"line":8,"column":23}},"5":{"start":{"line":9,"column":2},"end":{"line":9,"column":31}},"6":{"start":{"line":10,"column":2},"end":{"line":10,"column":29}},"7":{"start":{"line":11,"column":2},"end":{"line":11,"column":70}},"8":{"start":{"line":15,"column":2},"end":{"line":23,"column":4}},"9":{"start":{"line":16,"column":3},"end":{"line":22,"column":4}},"10":{"start":{"line":17,"column":21},"end":{"line":17,"column":63}},"11":{"start":{"line":18,"column":23},"end":{"line":18,"column":67}},"12":{"start":{"line":18,"column":49},"end":{"line":18,"column":66}},"13":{"start":{"line":19,"column":4},"end":{"line":19,"column":23}},"14":{"start":{"line":21,"column":4},"end":{"line":21,"column":35}},"15":{"start":{"line":27,"column":2},"end":{"line":38,"column":4}},"16":{"start":{"line":28,"column":3},"end":{"line":37,"column":4}},"17":{"start":{"line":29,"column":20},"end":{"line":32,"column":5}},"18":{"start":{"line":33,"column":17},"end":{"line":33,"column":49}},"19":{"start":{"line":34,"column":4},"end":{"line":34,"column":19}},"20":{"start":{"line":36,"column":4},"end":{"line":36,"column":34}},"21":{"start":{"line":42,"column":2},"end":{"line":53,"column":4}},"22":{"start":{"line":43,"column":3},"end":{"line":52,"column":4}},"23":{"start":{"line":44,"column":20},"end":{"line":47,"column":5}},"24":{"start":{"line":48,"column":17},"end":{"line":48,"column":58}},"25":{"start":{"line":48,"column":41},"end":{"line":48,"column":57}},"26":{"start":{"line":49,"column":4},"end":{"line":49,"column":19}},"27":{"start":{"line":51,"column":4},"end":{"line":51,"column":34}},"28":{"start":{"line":57,"column":2},"end":{"line":70,"column":4}},"29":{"start":{"line":58,"column":3},"end":{"line":69,"column":4}},"30":{"start":{"line":60,"column":20},"end":{"line":63,"column":5}},"31":{"start":{"line":64,"column":23},"end":{"line":64,"column":55}},"32":{"start":{"line":66,"column":4},"end":{"line":66,"column":25}},"33":{"start":{"line":68,"column":4},"end":{"line":68,"column":45}},"34":{"start":{"line":74,"column":2},"end":{"line":87,"column":4}},"35":{"start":{"line":75,"column":3},"end":{"line":86,"column":4}},"36":{"start":{"line":76,"column":43},"end":{"line":76,"column":47}},"37":{"start":{"line":77,"column":4},"end":{"line":77,"column":22}},"38":{"start":{"line":78,"column":17},"end":{"line":81,"column":5}},"39":{"start":{"line":82,"column":16},"end":{"line":82,"column":69}},"40":{"start":{"line":83,"column":4},"end":{"line":83,"column":18}},"41":{"start":{"line":85,"column":4},"end":{"line":85,"column":41}}},"fnMap":{"0":{"name":"(anonymous_0)","decl":{"start":{"line":6,"column":1},"end":{"line":6,"column":2}},"loc":{"start":{"line":6,"column":26},"end":{"line":12,"column":2}},"line":6},"1":{"name":"(anonymous_1)","decl":{"start":{"line":14,"column":1},"end":{"line":14,"column":2}},"loc":{"start":{"line":14,"column":18},"end":{"line":24,"column":2}},"line":14},"2":{"name":"(anonymous_2)","decl":{"start":{"line":15,"column":21},"end":{"line":15,"column":22}},"loc":{"start":{"line":15,"column":48},"end":{"line":23,"column":3}},"line":15},"3":{"name":"(anonymous_3)","decl":{"start":{"line":18,"column":41},"end":{"line":18,"column":42}},"loc":{"start":{"line":18,"column":49},"end":{"line":18,"column":66}},"line":18},"4":{"name":"(anonymous_4)","decl":{"start":{"line":26,"column":1},"end":{"line":26,"column":2}},"loc":{"start":{"line":26,"column":21},"end":{"line":39,"column":2}},"line":26},"5":{"name":"(anonymous_5)","decl":{"start":{"line":27,"column":21},"end":{"line":27,"column":22}},"loc":{"start":{"line":27,"column":48},"end":{"line":38,"column":3}},"line":27},"6":{"name":"(anonymous_6)","decl":{"start":{"line":41,"column":1},"end":{"line":41,"column":2}},"loc":{"start":{"line":41,"column":25},"end":{"line":54,"column":2}},"line":41},"7":{"name":"(anonymous_7)","decl":{"start":{"line":42,"column":21},"end":{"line":42,"column":22}},"loc":{"start":{"line":42,"column":48},"end":{"line":53,"column":3}},"line":42},"8":{"name":"(anonymous_8)","decl":{"start":{"line":48,"column":36},"end":{"line":48,"column":37}},"loc":{"start":{"line":48,"column":41},"end":{"line":48,"column":57}},"line":48},"9":{"name":"(anonymous_9)","decl":{"start":{"line":56,"column":1},"end":{"line":56,"column":2}},"loc":{"start":{"line":56,"column":25},"end":{"line":71,"column":2}},"line":56},"10":{"name":"(anonymous_10)","decl":{"start":{"line":57,"column":21},"end":{"line":57,"column":22}},"loc":{"start":{"line":57,"column":48},"end":{"line":70,"column":3}},"line":57},"11":{"name":"(anonymous_11)","decl":{"start":{"line":73,"column":1},"end":{"line":73,"column":2}},"loc":{"start":{"line":73,"column":25},"end":{"line":88,"column":2}},"line":73},"12":{"name":"(anonymous_12)","decl":{"start":{"line":74,"column":21},"end":{"line":74,"column":22}},"loc":{"start":{"line":74,"column":48},"end":{"line":87,"column":3}},"line":74}},"branchMap":{},"s":{"0":1,"1":1,"2":1,"3":11,"4":11,"5":11,"6":11,"7":11,"8":1,"9":1,"10":1,"11":1,"12":3,"13":1,"14":0,"15":2,"16":2,"17":2,"18":2,"19":2,"20":0,"21":1,"22":1,"23":1,"24":1,"25":3,"26":1,"27":0,"28":3,"29":3,"30":3,"31":3,"32":3,"33":0,"34":1,"35":1,"36":1,"37":1,"38":1,"39":1,"40":1,"41":0},"f":{"0":11,"1":1,"2":1,"3":3,"4":2,"5":2,"6":1,"7":1,"8":3,"9":3,"10":3,"11":1,"12":1},"b":{},"_coverageSchema":"1a1c01bbd47fc00a2c39e90264f33305004495a9","hash":"9d6927a2df6e77fef167883fc8d1028bb70fec8f"}
,"D:\\Users\\Josh\\Documents\\futureproof\\LAP 2\\habitual\\server\\src\\models\\Session.js": {"path":"D:\\Users\\Josh\\Documents\\futureproof\\LAP 2\\habitual\\server\\src\\models\\Session.js","statementMap":{"0":{"start":{"line":1,"column":11},"end":{"line":1,"column":32}},"1":{"start":{"line":2,"column":23},"end":{"line":2,"column":38}},"2":{"start":{"line":6,"column":2},"end":{"line":6,"column":30}},"3":{"start":{"line":7,"column":2},"end":{"line":7,"column":36}},"4":{"start":{"line":8,"column":2},"end":{"line":8,"column":24}},"5":{"start":{"line":12,"column":2},"end":{"line":27,"column":4}},"6":{"start":{"line":13,"column":3},"end":{"line":26,"column":4}},"7":{"start":{"line":14,"column":18},"end":{"line":14,"column":43}},"8":{"start":{"line":16,"column":19},"end":{"line":19,"column":5}},"9":{"start":{"line":21,"column":21},"end":{"line":21,"column":50}},"10":{"start":{"line":22,"column":4},"end":{"line":22,"column":23}},"11":{"start":{"line":24,"column":4},"end":{"line":24,"column":42}},"12":{"start":{"line":25,"column":4},"end":{"line":25,"column":20}},"13":{"start":{"line":50,"column":2},"end":{"line":65,"column":4}},"14":{"start":{"line":51,"column":3},"end":{"line":64,"column":4}},"15":{"start":{"line":52,"column":19},"end":{"line":55,"column":5}},"16":{"start":{"line":56,"column":4},"end":{"line":58,"column":5}},"17":{"start":{"line":57,"column":5},"end":{"line":57,"column":49}},"18":{"start":{"line":59,"column":18},"end":{"line":59,"column":47}},"19":{"start":{"line":60,"column":4},"end":{"line":60,"column":20}},"20":{"start":{"line":62,"column":4},"end":{"line":62,"column":31}},"21":{"start":{"line":63,"column":4},"end":{"line":63,"column":20}},"22":{"start":{"line":69,"column":2},"end":{"line":80,"column":4}},"23":{"start":{"line":70,"column":3},"end":{"line":79,"column":4}},"24":{"start":{"line":71,"column":19},"end":{"line":74,"column":5}},"25":{"start":{"line":75,"column":4},"end":{"line":75,"column":30}},"26":{"start":{"line":77,"column":4},"end":{"line":77,"column":38}},"27":{"start":{"line":78,"column":4},"end":{"line":78,"column":20}},"28":{"start":{"line":84,"column":0},"end":{"line":84,"column":24}}},"fnMap":{"0":{"name":"(anonymous_0)","decl":{"start":{"line":5,"column":1},"end":{"line":5,"column":2}},"loc":{"start":{"line":5,"column":53},"end":{"line":9,"column":2}},"line":5},"1":{"name":"(anonymous_1)","decl":{"start":{"line":11,"column":1},"end":{"line":11,"column":2}},"loc":{"start":{"line":11,"column":30},"end":{"line":28,"column":2}},"line":11},"2":{"name":"(anonymous_2)","decl":{"start":{"line":12,"column":21},"end":{"line":12,"column":22}},"loc":{"start":{"line":12,"column":48},"end":{"line":27,"column":3}},"line":12},"3":{"name":"(anonymous_3)","decl":{"start":{"line":49,"column":1},"end":{"line":49,"column":2}},"loc":{"start":{"line":49,"column":40},"end":{"line":66,"column":2}},"line":49},"4":{"name":"(anonymous_4)","decl":{"start":{"line":50,"column":21},"end":{"line":50,"column":22}},"loc":{"start":{"line":50,"column":48},"end":{"line":65,"column":3}},"line":50},"5":{"name":"(anonymous_5)","decl":{"start":{"line":68,"column":1},"end":{"line":68,"column":2}},"loc":{"start":{"line":68,"column":23},"end":{"line":81,"column":2}},"line":68},"6":{"name":"(anonymous_6)","decl":{"start":{"line":69,"column":21},"end":{"line":69,"column":22}},"loc":{"start":{"line":69,"column":48},"end":{"line":80,"column":3}},"line":69}},"branchMap":{"0":{"loc":{"start":{"line":56,"column":4},"end":{"line":58,"column":5}},"type":"if","locations":[{"start":{"line":56,"column":4},"end":{"line":58,"column":5}},{"start":{},"end":{}}],"line":56}},"s":{"0":1,"1":1,"2":10,"3":10,"4":10,"5":1,"6":1,"7":1,"8":1,"9":1,"10":1,"11":0,"12":0,"13":9,"14":9,"15":9,"16":9,"17":0,"18":9,"19":9,"20":0,"21":0,"22":0,"23":0,"24":0,"25":0,"26":0,"27":0,"28":1},"f":{"0":10,"1":1,"2":1,"3":9,"4":9,"5":0,"6":0},"b":{"0":[0,9]},"_coverageSchema":"1a1c01bbd47fc00a2c39e90264f33305004495a9","hash":"98576c41688cfdb7c3c1474033ed6bec34ee0259"}
,"D:\\Users\\Josh\\Documents\\futureproof\\LAP 2\\habitual\\server\\src\\models\\User.js": {"path":"D:\\Users\\Josh\\Documents\\futureproof\\LAP 2\\habitual\\server\\src\\models\\User.js","statementMap":{"0":{"start":{"line":1,"column":11},"end":{"line":1,"column":32}},"1":{"start":{"line":6,"column":8},"end":{"line":6,"column":26}},"2":{"start":{"line":7,"column":8},"end":{"line":7,"column":30}},"3":{"start":{"line":8,"column":8},"end":{"line":8,"column":38}},"4":{"start":{"line":12,"column":8},"end":{"line":24,"column":10}},"5":{"start":{"line":13,"column":12},"end":{"line":23,"column":13}},"6":{"start":{"line":14,"column":33},"end":{"line":14,"column":95}},"7":{"start":{"line":15,"column":16},"end":{"line":17,"column":17}},"8":{"start":{"line":16,"column":20},"end":{"line":16,"column":61}},"9":{"start":{"line":18,"column":28},"end":{"line":18,"column":54}},"10":{"start":{"line":19,"column":16},"end":{"line":19,"column":31}},"11":{"start":{"line":21,"column":16},"end":{"line":21,"column":41}},"12":{"start":{"line":22,"column":16},"end":{"line":22,"column":32}},"13":{"start":{"line":29,"column":8},"end":{"line":41,"column":10}},"14":{"start":{"line":30,"column":12},"end":{"line":40,"column":13}},"15":{"start":{"line":31,"column":33},"end":{"line":31,"column":102}},"16":{"start":{"line":32,"column":16},"end":{"line":34,"column":17}},"17":{"start":{"line":33,"column":20},"end":{"line":33,"column":61}},"18":{"start":{"line":35,"column":28},"end":{"line":35,"column":54}},"19":{"start":{"line":36,"column":16},"end":{"line":36,"column":30}},"20":{"start":{"line":38,"column":16},"end":{"line":38,"column":41}},"21":{"start":{"line":39,"column":16},"end":{"line":39,"column":33}},"22":{"start":{"line":46,"column":8},"end":{"line":59,"column":10}},"23":{"start":{"line":47,"column":12},"end":{"line":58,"column":13}},"24":{"start":{"line":48,"column":47},"end":{"line":48,"column":51}},"25":{"start":{"line":50,"column":31},"end":{"line":51,"column":37}},"26":{"start":{"line":52,"column":30},"end":{"line":52,"column":54}},"27":{"start":{"line":53,"column":32},"end":{"line":53,"column":58}},"28":{"start":{"line":54,"column":16},"end":{"line":54,"column":33}},"29":{"start":{"line":56,"column":16},"end":{"line":56,"column":51}},"30":{"start":{"line":57,"column":16},"end":{"line":57,"column":33}},"31":{"start":{"line":64,"column":0},"end":{"line":64,"column":22}}},"fnMap":{"0":{"name":"(anonymous_0)","decl":{"start":{"line":5,"column":4},"end":{"line":5,"column":5}},"loc":{"start":{"line":5,"column":54},"end":{"line":9,"column":5}},"line":5},"1":{"name":"(anonymous_1)","decl":{"start":{"line":11,"column":4},"end":{"line":11,"column":5}},"loc":{"start":{"line":11,"column":30},"end":{"line":26,"column":5}},"line":11},"2":{"name":"(anonymous_2)","decl":{"start":{"line":12,"column":28},"end":{"line":12,"column":29}},"loc":{"start":{"line":12,"column":55},"end":{"line":24,"column":9}},"line":12},"3":{"name":"(anonymous_3)","decl":{"start":{"line":28,"column":4},"end":{"line":28,"column":5}},"loc":{"start":{"line":28,"column":42},"end":{"line":43,"column":5}},"line":28},"4":{"name":"(anonymous_4)","decl":{"start":{"line":29,"column":28},"end":{"line":29,"column":29}},"loc":{"start":{"line":29,"column":55},"end":{"line":41,"column":9}},"line":29},"5":{"name":"(anonymous_5)","decl":{"start":{"line":45,"column":4},"end":{"line":45,"column":5}},"loc":{"start":{"line":45,"column":30},"end":{"line":60,"column":5}},"line":45},"6":{"name":"(anonymous_6)","decl":{"start":{"line":46,"column":28},"end":{"line":46,"column":29}},"loc":{"start":{"line":46,"column":55},"end":{"line":59,"column":9}},"line":46}},"branchMap":{"0":{"loc":{"start":{"line":15,"column":16},"end":{"line":17,"column":17}},"type":"if","locations":[{"start":{"line":15,"column":16},"end":{"line":17,"column":17}},{"start":{},"end":{}}],"line":15},"1":{"loc":{"start":{"line":32,"column":16},"end":{"line":34,"column":17}},"type":"if","locations":[{"start":{"line":32,"column":16},"end":{"line":34,"column":17}},{"start":{},"end":{}}],"line":32}},"s":{"0":1,"1":3,"2":3,"3":3,"4":2,"5":2,"6":2,"7":2,"8":0,"9":2,"10":2,"11":0,"12":0,"13":1,"14":1,"15":1,"16":1,"17":0,"18":1,"19":1,"20":0,"21":0,"22":1,"23":1,"24":1,"25":1,"26":1,"27":1,"28":1,"29":0,"30":0,"31":1},"f":{"0":3,"1":2,"2":2,"3":1,"4":1,"5":1,"6":1},"b":{"0":[0,2],"1":[0,1]},"_coverageSchema":"1a1c01bbd47fc00a2c39e90264f33305004495a9","hash":"63a0feb095e009942a10153886fb33ab94460ce0"}
,"D:\\Users\\Josh\\Documents\\futureproof\\LAP 2\\habitual\\server\\src\\routers\\habitdate.js": {"path":"D:\\Users\\Josh\\Documents\\futureproof\\LAP 2\\habitual\\server\\src\\routers\\habitdate.js","statementMap":{"0":{"start":{"line":1,"column":16},"end":{"line":1,"column":34}},"1":{"start":{"line":2,"column":15},"end":{"line":2,"column":31}},"2":{"start":{"line":3,"column":28},"end":{"line":3,"column":63}},"3":{"start":{"line":5,"column":0},"end":{"line":5,"column":43}},"4":{"start":{"line":6,"column":0},"end":{"line":6,"column":45}},"5":{"start":{"line":7,"column":0},"end":{"line":7,"column":62}},"6":{"start":{"line":8,"column":0},"end":{"line":8,"column":47}},"7":{"start":{"line":10,"column":0},"end":{"line":10,"column":24}}},"fnMap":{},"branchMap":{},"s":{"0":1,"1":1,"2":1,"3":1,"4":1,"5":1,"6":1,"7":1},"f":{},"b":{},"_coverageSchema":"1a1c01bbd47fc00a2c39e90264f33305004495a9","hash":"f3e8a72b31305044117a29dcedaa95ce9d886961"}
,"D:\\Users\\Josh\\Documents\\futureproof\\LAP 2\\habitual\\server\\src\\routers\\habits.js": {"path":"D:\\Users\\Josh\\Documents\\futureproof\\LAP 2\\habitual\\server\\src\\routers\\habits.js","statementMap":{"0":{"start":{"line":1,"column":16},"end":{"line":1,"column":34}},"1":{"start":{"line":2,"column":21},"end":{"line":2,"column":37}},"2":{"start":{"line":3,"column":25},"end":{"line":3,"column":57}},"3":{"start":{"line":4,"column":22},"end":{"line":4,"column":51}},"4":{"start":{"line":6,"column":0},"end":{"line":6,"column":59}},"5":{"start":{"line":7,"column":0},"end":{"line":7,"column":61}},"6":{"start":{"line":8,"column":0},"end":{"line":8,"column":61}},"7":{"start":{"line":9,"column":0},"end":{"line":9,"column":63}},"8":{"start":{"line":10,"column":0},"end":{"line":10,"column":68}},"9":{"start":{"line":12,"column":0},"end":{"line":12,"column":29}}},"fnMap":{},"branchMap":{},"s":{"0":1,"1":1,"2":1,"3":1,"4":1,"5":1,"6":1,"7":1,"8":1,"9":1},"f":{},"b":{},"_coverageSchema":"1a1c01bbd47fc00a2c39e90264f33305004495a9","hash":"b7382cc5501db467e67df88991cc762429202ed4"}
,"D:\\Users\\Josh\\Documents\\futureproof\\LAP 2\\habitual\\server\\src\\routers\\users.js": {"path":"D:\\Users\\Josh\\Documents\\futureproof\\LAP 2\\habitual\\server\\src\\routers\\users.js","statementMap":{"0":{"start":{"line":1,"column":19},"end":{"line":1,"column":37}},"1":{"start":{"line":2,"column":23},"end":{"line":2,"column":54}},"2":{"start":{"line":4,"column":19},"end":{"line":4,"column":27}},"3":{"start":{"line":6,"column":0},"end":{"line":6,"column":54}},"4":{"start":{"line":7,"column":0},"end":{"line":7,"column":54}},"5":{"start":{"line":8,"column":0},"end":{"line":8,"column":48}},"6":{"start":{"line":9,"column":0},"end":{"line":9,"column":52}},"7":{"start":{"line":11,"column":0},"end":{"line":11,"column":28}}},"fnMap":{},"branchMap":{},"s":{"0":1,"1":1,"2":1,"3":1,"4":1,"5":1,"6":1,"7":1},"f":{},"b":{},"_coverageSchema":"1a1c01bbd47fc00a2c39e90264f33305004495a9","hash":"aa9c5669bc94d191bae7315003b7a176ca35ad1f"}
}
