TN:
SF:app.js
FN:16,(anonymous_0)
FNF:1
FNH:0
FNDA:0,(anonymous_0)
DA:1,1
DA:2,1
DA:3,1
DA:5,1
DA:6,1
DA:7,1
DA:9,1
DA:10,1
DA:12,1
DA:13,1
DA:14,1
DA:16,1
DA:18,1
LF:13
LH:13
BRF:0
BRH:0
end_of_record
TN:
SF:controllers\habitdate.js
FN:3,index
FN:12,show
FN:22,showHabitDates
FN:32,update
FNF:4
FNH:4
FNDA:1,index
FNDA:1,show
FNDA:1,showHabitDates
FNDA:1,update
DA:1,1
DA:4,1
DA:5,1
DA:6,1
DA:8,0
DA:13,1
DA:14,1
DA:15,1
DA:16,1
DA:18,0
DA:23,1
DA:24,1
DA:26,1
DA:28,0
DA:33,1
DA:34,1
DA:35,1
DA:37,0
DA:42,1
LF:19
LH:15
BRF:0
BRH:0
end_of_record
TN:
SF:controllers\habits.js
FN:5,index
FN:16,show
FN:25,create
FN:37,destroy
FN:48,update
FNF:5
FNH:5
FNDA:1,index
FNDA:2,show
FNDA:1,create
FNDA:1,destroy
FNDA:1,update
DA:1,1
DA:2,1
DA:3,1
DA:6,1
DA:7,1
DA:8,1
DA:9,1
DA:10,1
DA:12,0
DA:17,2
DA:18,2
DA:19,1
DA:21,1
DA:26,1
DA:27,1
DA:28,1
DA:29,1
DA:30,1
DA:31,1
DA:33,0
DA:38,1
DA:39,1
DA:40,1
DA:41,1
DA:43,0
DA:44,0
DA:49,1
DA:50,1
DA:51,1
DA:53,0
DA:58,1
LF:31
LH:26
BRF:0
BRH:0
end_of_record
TN:
SF:controllers\users.js
FN:5,show
FN:17,register
FN:38,login
FN:66,logout
FNF:4
FNH:3
FNDA:1,show
FNDA:1,register
FNDA:1,login
FNDA:0,logout
DA:1,1
DA:2,1
DA:3,1
DA:6,1
DA:7,1
DA:8,1
DA:9,1
DA:10,1
DA:12,0
DA:13,0
DA:18,1
DA:19,1
DA:22,1
DA:25,1
DA:28,1
DA:31,1
DA:33,0
DA:34,0
DA:39,1
DA:40,1
DA:43,1
DA:46,1
DA:48,1
DA:52,1
DA:53,1
DA:54,1
DA:58,0
DA:61,0
DA:62,0
DA:67,0
DA:68,0
DA:69,0
DA:70,0
DA:72,0
DA:77,1
LF:35
LH:23
BRDA:48,0,0,1
BRDA:48,0,1,0
BRF:2
BRH:1
end_of_record
TN:
SF:db\init.js
FNF:0
FNH:0
DA:1,1
DA:2,1
DA:6,1
DA:8,1
LF:4
LH:4
BRDA:3,0,0,1
BRDA:3,0,1,1
BRF:2
BRH:2
end_of_record
TN:
SF:middleware\auth.js
FN:3,authenticator
FNF:1
FNH:1
FNDA:6,authenticator
DA:1,1
DA:4,6
DA:6,6
DA:7,6
DA:8,6
DA:9,0
DA:10,0
DA:13,6
DA:14,6
DA:17,0
DA:19,0
DA:23,1
LF:12
LH:8
BRDA:8,0,0,0
BRDA:8,0,1,6
BRF:2
BRH:1
end_of_record
TN:
SF:models\Habit.js
FN:6,(anonymous_0)
FN:17,(anonymous_1)
FN:18,(anonymous_2)
FN:33,(anonymous_3)
FN:34,(anonymous_4)
FN:50,(anonymous_5)
FN:51,(anonymous_6)
FN:88,(anonymous_7)
FN:89,(anonymous_8)
FN:110,(anonymous_9)
FN:111,(anonymous_10)
FN:126,(anonymous_11)
FN:127,(anonymous_12)
FNF:13
FNH:13
FNDA:4,(anonymous_0)
FNDA:1,(anonymous_1)
FNDA:1,(anonymous_2)
FNDA:3,(anonymous_3)
FNDA:3,(anonymous_4)
FNDA:1,(anonymous_5)
FNDA:1,(anonymous_6)
FNDA:1,(anonymous_7)
FNDA:1,(anonymous_8)
FNDA:1,(anonymous_9)
FNDA:1,(anonymous_10)
FNDA:1,(anonymous_11)
FNDA:1,(anonymous_12)
DA:1,1
DA:2,1
DA:3,1
DA:7,4
DA:8,3
DA:9,3
DA:10,3
DA:11,3
DA:12,3
DA:13,3
DA:14,3
DA:18,1
DA:19,1
DA:20,1
DA:21,1
DA:25,1
DA:26,1
DA:28,0
DA:34,3
DA:35,3
DA:36,3
DA:41,3
DA:42,2
DA:44,1
DA:45,1
DA:51,1
DA:52,1
DA:63,1
DA:64,1
DA:78,1
DA:79,1
DA:80,1
DA:82,0
DA:83,0
DA:89,1
DA:90,1
DA:92,1
DA:97,1
DA:102,1
DA:104,0
DA:111,1
DA:112,1
DA:113,1
DA:114,1
DA:118,1
DA:120,0
DA:121,0
DA:127,1
DA:128,1
DA:129,1
DA:130,1
DA:131,1
DA:132,1
DA:133,2
DA:134,2
DA:136,0
DA:140,0
DA:141,0
DA:142,0
DA:145,1
DA:147,0
DA:148,0
DA:154,1
LF:63
LH:51
BRDA:131,0,0,1
BRDA:131,0,1,0
BRDA:131,1,0,1
BRDA:131,1,1,0
BRDA:136,2,0,0
BRDA:136,2,1,0
BRDA:137,3,0,0
BRDA:137,3,1,0
BRF:8
BRH:2
end_of_record
TN:
SF:models\HabitDate.js
FN:6,(anonymous_0)
FN:14,(anonymous_1)
FN:15,(anonymous_2)
FN:18,(anonymous_3)
FN:26,(anonymous_4)
FN:27,(anonymous_5)
FN:41,(anonymous_6)
FN:42,(anonymous_7)
FN:48,(anonymous_8)
FN:56,(anonymous_9)
FN:57,(anonymous_10)
FN:73,(anonymous_11)
FN:74,(anonymous_12)
FNF:13
FNH:13
FNDA:11,(anonymous_0)
FNDA:1,(anonymous_1)
FNDA:1,(anonymous_2)
FNDA:3,(anonymous_3)
FNDA:2,(anonymous_4)
FNDA:2,(anonymous_5)
FNDA:1,(anonymous_6)
FNDA:1,(anonymous_7)
FNDA:3,(anonymous_8)
FNDA:3,(anonymous_9)
FNDA:3,(anonymous_10)
FNDA:1,(anonymous_11)
FNDA:1,(anonymous_12)
DA:1,1
DA:3,1
DA:5,1
DA:7,11
DA:8,11
DA:9,11
DA:10,11
DA:11,11
DA:15,1
DA:16,1
DA:17,1
DA:18,3
DA:19,1
DA:21,0
DA:27,2
DA:28,2
DA:29,2
DA:33,2
DA:34,2
DA:36,0
DA:42,1
DA:43,1
DA:44,1
DA:48,3
DA:49,1
DA:51,0
DA:57,3
DA:58,3
DA:60,3
DA:64,3
DA:66,3
DA:68,0
DA:74,1
DA:75,1
DA:76,1
DA:77,1
DA:78,1
DA:82,1
DA:83,1
DA:85,0
LF:40
LH:35
BRF:0
BRH:0
end_of_record
TN:
SF:models\Session.js
FN:5,(anonymous_0)
FN:11,(anonymous_1)
FN:12,(anonymous_2)
FN:49,(anonymous_3)
FN:50,(anonymous_4)
FN:68,(anonymous_5)
FN:69,(anonymous_6)
FNF:7
FNH:5
FNDA:10,(anonymous_0)
FNDA:1,(anonymous_1)
FNDA:1,(anonymous_2)
FNDA:9,(anonymous_3)
FNDA:9,(anonymous_4)
FNDA:0,(anonymous_5)
FNDA:0,(anonymous_6)
DA:1,1
DA:2,1
DA:6,10
DA:7,10
DA:8,10
DA:12,1
DA:13,1
DA:14,1
DA:16,1
DA:21,1
DA:22,1
DA:24,0
DA:25,0
DA:50,9
DA:51,9
DA:52,9
DA:56,9
DA:57,0
DA:59,9
DA:60,9
DA:62,0
DA:63,0
DA:69,0
DA:70,0
DA:71,0
DA:75,0
DA:77,0
DA:78,0
DA:84,1
LF:29
LH:18
BRDA:56,0,0,0
BRDA:56,0,1,9
BRF:2
BRH:1
end_of_record
TN:
SF:models\User.js
FN:5,(anonymous_0)
FN:11,(anonymous_1)
FN:12,(anonymous_2)
FN:28,(anonymous_3)
FN:29,(anonymous_4)
FN:45,(anonymous_5)
FN:46,(anonymous_6)
FNF:7
FNH:7
FNDA:3,(anonymous_0)
FNDA:2,(anonymous_1)
FNDA:2,(anonymous_2)
FNDA:1,(anonymous_3)
FNDA:1,(anonymous_4)
FNDA:1,(anonymous_5)
FNDA:1,(anonymous_6)
DA:1,1
DA:6,3
DA:7,3
DA:8,3
DA:12,2
DA:13,2
DA:14,2
DA:15,2
DA:16,0
DA:18,2
DA:19,2
DA:21,0
DA:22,0
DA:29,1
DA:30,1
DA:31,1
DA:32,1
DA:33,0
DA:35,1
DA:36,1
DA:38,0
DA:39,0
DA:46,1
DA:47,1
DA:48,1
DA:50,1
DA:52,1
DA:53,1
DA:54,1
DA:56,0
DA:57,0
DA:64,1
LF:32
LH:24
BRDA:15,0,0,0
BRDA:15,0,1,2
BRDA:32,1,0,0
BRDA:32,1,1,1
BRF:4
BRH:2
end_of_record
TN:
SF:routers\habitdate.js
FNF:0
FNH:0
DA:1,1
DA:2,1
DA:3,1
DA:5,1
DA:6,1
DA:7,1
DA:8,1
DA:10,1
LF:8
LH:8
BRF:0
BRH:0
end_of_record
TN:
SF:routers\habits.js
FNF:0
FNH:0
DA:1,1
DA:2,1
DA:3,1
DA:4,1
DA:6,1
DA:7,1
DA:8,1
DA:9,1
DA:10,1
DA:12,1
LF:10
LH:10
BRF:0
BRH:0
end_of_record
TN:
SF:routers\users.js
FNF:0
FNH:0
DA:1,1
DA:2,1
DA:4,1
DA:6,1
DA:7,1
DA:8,1
DA:9,1
DA:11,1
LF:8
LH:8
BRF:0
BRH:0
end_of_record
